2025-10-21 04:14:13 [ERROR]: uncaughtException: require() of ES Module /Users/user/Desktop/jevah-app_backend/node_modules/pdfjs-dist/legacy/build/pdf.mjs not supported.
Instead change the require of /Users/user/Desktop/jevah-app_backend/node_modules/pdfjs-dist/legacy/build/pdf.mjs to a dynamic import() which is available in all CommonJS modules.
Error [ERR_REQUIRE_ESM]: require() of ES Module /Users/user/Desktop/jevah-app_backend/node_modules/pdfjs-dist/legacy/build/pdf.mjs not supported.
Instead change the require of /Users/user/Desktop/jevah-app_backend/node_modules/pdfjs-dist/legacy/build/pdf.mjs to a dynamic import() which is available in all CommonJS modules.
    at Object.<anonymous> (/Users/user/Desktop/jevah-app_backend/node_modules/pdf-parse/dist/cjs/PDFParse.cjs:37:28) {"error":{"code":"ERR_REQUIRE_ESM"},"exception":true,"date":"Tue Oct 21 2025 04:14:13 GMT+0100 (West Africa Standard Time)","process":{"pid":54703,"uid":501,"gid":20,"cwd":"/Users/user/Desktop/jevah-app_backend","execPath":"/Users/user/.nvm/versions/node/v20.18.1/bin/node","version":"v20.18.1","argv":["/Users/user/.nvm/versions/node/v20.18.1/bin/node","/Users/user/Desktop/jevah-app_backend/dist/index.js"],"memoryUsage":{"rss":103141376,"heapTotal":63692800,"heapUsed":44577752,"external":21407738,"arrayBuffers":18313640}},"os":{"loadavg":[64.0732421875,123.5859375,103.0458984375],"uptime":29777},"trace":[{"column":28,"file":"/Users/user/Desktop/jevah-app_backend/node_modules/pdf-parse/dist/cjs/PDFParse.cjs","function":null,"line":37,"method":null,"native":false}]}
Error [ERR_REQUIRE_ESM]: require() of ES Module /Users/user/Desktop/jevah-app_backend/node_modules/pdfjs-dist/legacy/build/pdf.mjs not supported.
Instead change the require of /Users/user/Desktop/jevah-app_backend/node_modules/pdfjs-dist/legacy/build/pdf.mjs to a dynamic import() which is available in all CommonJS modules.
    at Object.<anonymous> (/Users/user/Desktop/jevah-app_backend/node_modules/pdf-parse/dist/cjs/PDFParse.cjs:37:28)
2025-10-21 04:14:54 [ERROR]: uncaughtException: require() of ES Module /Users/user/Desktop/jevah-app_backend/node_modules/pdfjs-dist/legacy/build/pdf.mjs not supported.
Instead change the require of /Users/user/Desktop/jevah-app_backend/node_modules/pdfjs-dist/legacy/build/pdf.mjs to a dynamic import() which is available in all CommonJS modules.
Error [ERR_REQUIRE_ESM]: require() of ES Module /Users/user/Desktop/jevah-app_backend/node_modules/pdfjs-dist/legacy/build/pdf.mjs not supported.
Instead change the require of /Users/user/Desktop/jevah-app_backend/node_modules/pdfjs-dist/legacy/build/pdf.mjs to a dynamic import() which is available in all CommonJS modules.
    at Object.<anonymous> (/Users/user/Desktop/jevah-app_backend/node_modules/pdf-parse/dist/cjs/PDFParse.cjs:37:28)
    at Module._compile (/Users/user/Desktop/jevah-app_backend/node_modules/source-map-support/source-map-support.js:568:25)
    at require.extensions..jsx.require.extensions..js (/private/var/folders/l9/1wp23qsj3616_b0__4ljrx6m0000gn/T/ts-node-dev-hook-1572737207840631.js:114:20)
    at Object.nodeDevHook [as .js] (/Users/user/Desktop/jevah-app_backend/node_modules/ts-node-dev/lib/hook.js:63:13) {"error":{"code":"ERR_REQUIRE_ESM"},"exception":true,"date":"Tue Oct 21 2025 04:14:54 GMT+0100 (West Africa Standard Time)","process":{"pid":55738,"uid":501,"gid":20,"cwd":"/Users/user/Desktop/jevah-app_backend","execPath":"/Users/user/.nvm/versions/node/v20.18.1/bin/node","version":"v20.18.1","argv":["/Users/user/.nvm/versions/node/v20.18.1/bin/node","src/index.ts"],"memoryUsage":{"rss":115113984,"heapTotal":74313728,"heapUsed":48571712,"external":21589708,"arrayBuffers":18322008}},"os":{"loadavg":[45.3173828125,111.16650390625,99.42919921875],"uptime":29818},"trace":[{"column":28,"file":"/Users/user/Desktop/jevah-app_backend/node_modules/pdf-parse/dist/cjs/PDFParse.cjs","function":null,"line":37,"method":null,"native":false},{"column":25,"file":"/Users/user/Desktop/jevah-app_backend/node_modules/source-map-support/source-map-support.js","function":"Module._compile","line":568,"method":"_compile","native":false},{"column":20,"file":"/private/var/folders/l9/1wp23qsj3616_b0__4ljrx6m0000gn/T/ts-node-dev-hook-1572737207840631.js","function":"require.extensions..jsx.require.extensions..js","line":114,"method":".js","native":false},{"column":13,"file":"/Users/user/Desktop/jevah-app_backend/node_modules/ts-node-dev/lib/hook.js","function":"Object.nodeDevHook [as .js]","line":63,"method":"js]","native":false}]}
Error [ERR_REQUIRE_ESM]: require() of ES Module /Users/user/Desktop/jevah-app_backend/node_modules/pdfjs-dist/legacy/build/pdf.mjs not supported.
Instead change the require of /Users/user/Desktop/jevah-app_backend/node_modules/pdfjs-dist/legacy/build/pdf.mjs to a dynamic import() which is available in all CommonJS modules.
    at Object.<anonymous> (/Users/user/Desktop/jevah-app_backend/node_modules/pdf-parse/dist/cjs/PDFParse.cjs:37:28)
    at Module._compile (/Users/user/Desktop/jevah-app_backend/node_modules/source-map-support/source-map-support.js:568:25)
    at require.extensions..jsx.require.extensions..js (/private/var/folders/l9/1wp23qsj3616_b0__4ljrx6m0000gn/T/ts-node-dev-hook-1572737207840631.js:114:20)
    at Object.nodeDevHook [as .js] (/Users/user/Desktop/jevah-app_backend/node_modules/ts-node-dev/lib/hook.js:63:13)
2025-10-21 04:15:13 [ERROR]: uncaughtException: require() of ES Module /Users/user/Desktop/jevah-app_backend/node_modules/pdfjs-dist/legacy/build/pdf.mjs not supported.
Instead change the require of /Users/user/Desktop/jevah-app_backend/node_modules/pdfjs-dist/legacy/build/pdf.mjs to a dynamic import() which is available in all CommonJS modules.
Error [ERR_REQUIRE_ESM]: require() of ES Module /Users/user/Desktop/jevah-app_backend/node_modules/pdfjs-dist/legacy/build/pdf.mjs not supported.
Instead change the require of /Users/user/Desktop/jevah-app_backend/node_modules/pdfjs-dist/legacy/build/pdf.mjs to a dynamic import() which is available in all CommonJS modules.
    at Object.<anonymous> (/Users/user/Desktop/jevah-app_backend/node_modules/pdf-parse/dist/cjs/PDFParse.cjs:37:28) {"error":{"code":"ERR_REQUIRE_ESM"},"exception":true,"date":"Tue Oct 21 2025 04:15:13 GMT+0100 (West Africa Standard Time)","process":{"pid":56849,"uid":501,"gid":20,"cwd":"/Users/user/Desktop/jevah-app_backend","execPath":"/Users/user/.nvm/versions/node/v20.18.1/bin/node","version":"v20.18.1","argv":["/Users/user/.nvm/versions/node/v20.18.1/bin/node","/Users/user/Desktop/jevah-app_backend/dist/index.js"],"memoryUsage":{"rss":103235584,"heapTotal":63500288,"heapUsed":44590480,"external":21407738,"arrayBuffers":18313640}},"os":{"loadavg":[34.0078125,104.32177734375,97.24560546875],"uptime":29837},"trace":[{"column":28,"file":"/Users/user/Desktop/jevah-app_backend/node_modules/pdf-parse/dist/cjs/PDFParse.cjs","function":null,"line":37,"method":null,"native":false}]}
Error [ERR_REQUIRE_ESM]: require() of ES Module /Users/user/Desktop/jevah-app_backend/node_modules/pdfjs-dist/legacy/build/pdf.mjs not supported.
Instead change the require of /Users/user/Desktop/jevah-app_backend/node_modules/pdfjs-dist/legacy/build/pdf.mjs to a dynamic import() which is available in all CommonJS modules.
    at Object.<anonymous> (/Users/user/Desktop/jevah-app_backend/node_modules/pdf-parse/dist/cjs/PDFParse.cjs:37:28)
2025-10-21 04:47:47 [ERROR]: uncaughtException: require() of ES Module /Users/user/Desktop/jevah-app_backend/node_modules/pdfjs-dist/legacy/build/pdf.mjs not supported.
Instead change the require of /Users/user/Desktop/jevah-app_backend/node_modules/pdfjs-dist/legacy/build/pdf.mjs to a dynamic import() which is available in all CommonJS modules.
Error [ERR_REQUIRE_ESM]: require() of ES Module /Users/user/Desktop/jevah-app_backend/node_modules/pdfjs-dist/legacy/build/pdf.mjs not supported.
Instead change the require of /Users/user/Desktop/jevah-app_backend/node_modules/pdfjs-dist/legacy/build/pdf.mjs to a dynamic import() which is available in all CommonJS modules.
    at Object.<anonymous> (/Users/user/Desktop/jevah-app_backend/node_modules/pdf-parse/dist/cjs/PDFParse.cjs:37:28)
    at Module._compile (/Users/user/Desktop/jevah-app_backend/node_modules/source-map-support/source-map-support.js:568:25)
    at require.extensions..jsx.require.extensions..js (/private/var/folders/l9/1wp23qsj3616_b0__4ljrx6m0000gn/T/ts-node-dev-hook-1572737207840631.js:114:20)
    at Object.nodeDevHook [as .js] (/Users/user/Desktop/jevah-app_backend/node_modules/ts-node-dev/lib/hook.js:63:13) {"error":{"code":"ERR_REQUIRE_ESM"},"exception":true,"date":"Tue Oct 21 2025 04:47:47 GMT+0100 (West Africa Standard Time)","process":{"pid":93380,"uid":501,"gid":20,"cwd":"/Users/user/Desktop/jevah-app_backend","execPath":"/Users/user/.nvm/versions/node/v20.18.1/bin/node","version":"v20.18.1","argv":["/Users/user/.nvm/versions/node/v20.18.1/bin/node","src/index.ts"],"memoryUsage":{"rss":111726592,"heapTotal":76410880,"heapUsed":39660712,"external":21588059,"arrayBuffers":18322008}},"os":{"loadavg":[57.75244140625,24.322265625,26.96044921875],"uptime":31791},"trace":[{"column":28,"file":"/Users/user/Desktop/jevah-app_backend/node_modules/pdf-parse/dist/cjs/PDFParse.cjs","function":null,"line":37,"method":null,"native":false},{"column":25,"file":"/Users/user/Desktop/jevah-app_backend/node_modules/source-map-support/source-map-support.js","function":"Module._compile","line":568,"method":"_compile","native":false},{"column":20,"file":"/private/var/folders/l9/1wp23qsj3616_b0__4ljrx6m0000gn/T/ts-node-dev-hook-1572737207840631.js","function":"require.extensions..jsx.require.extensions..js","line":114,"method":".js","native":false},{"column":13,"file":"/Users/user/Desktop/jevah-app_backend/node_modules/ts-node-dev/lib/hook.js","function":"Object.nodeDevHook [as .js]","line":63,"method":"js]","native":false}]}
Error [ERR_REQUIRE_ESM]: require() of ES Module /Users/user/Desktop/jevah-app_backend/node_modules/pdfjs-dist/legacy/build/pdf.mjs not supported.
Instead change the require of /Users/user/Desktop/jevah-app_backend/node_modules/pdfjs-dist/legacy/build/pdf.mjs to a dynamic import() which is available in all CommonJS modules.
    at Object.<anonymous> (/Users/user/Desktop/jevah-app_backend/node_modules/pdf-parse/dist/cjs/PDFParse.cjs:37:28)
    at Module._compile (/Users/user/Desktop/jevah-app_backend/node_modules/source-map-support/source-map-support.js:568:25)
    at require.extensions..jsx.require.extensions..js (/private/var/folders/l9/1wp23qsj3616_b0__4ljrx6m0000gn/T/ts-node-dev-hook-1572737207840631.js:114:20)
    at Object.nodeDevHook [as .js] (/Users/user/Desktop/jevah-app_backend/node_modules/ts-node-dev/lib/hook.js:63:13)
2025-10-21 07:15:32 [ERROR]: uncaughtException: require() of ES Module /Users/user/Desktop/jevah-app_backend/node_modules/pdfjs-dist/legacy/build/pdf.mjs not supported.
Instead change the require of /Users/user/Desktop/jevah-app_backend/node_modules/pdfjs-dist/legacy/build/pdf.mjs to a dynamic import() which is available in all CommonJS modules.
Error [ERR_REQUIRE_ESM]: require() of ES Module /Users/user/Desktop/jevah-app_backend/node_modules/pdfjs-dist/legacy/build/pdf.mjs not supported.
Instead change the require of /Users/user/Desktop/jevah-app_backend/node_modules/pdfjs-dist/legacy/build/pdf.mjs to a dynamic import() which is available in all CommonJS modules.
    at Object.<anonymous> (/Users/user/Desktop/jevah-app_backend/node_modules/pdf-parse/dist/cjs/PDFParse.cjs:37:28)
    at Module._compile (/Users/user/Desktop/jevah-app_backend/node_modules/source-map-support/source-map-support.js:568:25)
    at require.extensions..jsx.require.extensions..js (/private/var/folders/l9/1wp23qsj3616_b0__4ljrx6m0000gn/T/ts-node-dev-hook-8657842112051886.js:114:20)
    at Object.nodeDevHook [as .js] (/Users/user/Desktop/jevah-app_backend/node_modules/ts-node-dev/lib/hook.js:63:13) {"error":{"code":"ERR_REQUIRE_ESM"},"exception":true,"date":"Tue Oct 21 2025 07:15:32 GMT+0100 (West Africa Standard Time)","process":{"pid":58444,"uid":501,"gid":20,"cwd":"/Users/user/Desktop/jevah-app_backend","execPath":"/Users/user/.nvm/versions/node/v20.18.1/bin/node","version":"v20.18.1","argv":["/Users/user/.nvm/versions/node/v20.18.1/bin/node","src/index.ts"],"memoryUsage":{"rss":97521664,"heapTotal":73527296,"heapUsed":52817256,"external":21588059,"arrayBuffers":18322008}},"os":{"loadavg":[40.24365234375,18.11376953125,15.69189453125],"uptime":40656},"trace":[{"column":28,"file":"/Users/user/Desktop/jevah-app_backend/node_modules/pdf-parse/dist/cjs/PDFParse.cjs","function":null,"line":37,"method":null,"native":false},{"column":25,"file":"/Users/user/Desktop/jevah-app_backend/node_modules/source-map-support/source-map-support.js","function":"Module._compile","line":568,"method":"_compile","native":false},{"column":20,"file":"/private/var/folders/l9/1wp23qsj3616_b0__4ljrx6m0000gn/T/ts-node-dev-hook-8657842112051886.js","function":"require.extensions..jsx.require.extensions..js","line":114,"method":".js","native":false},{"column":13,"file":"/Users/user/Desktop/jevah-app_backend/node_modules/ts-node-dev/lib/hook.js","function":"Object.nodeDevHook [as .js]","line":63,"method":"js]","native":false}]}
Error [ERR_REQUIRE_ESM]: require() of ES Module /Users/user/Desktop/jevah-app_backend/node_modules/pdfjs-dist/legacy/build/pdf.mjs not supported.
Instead change the require of /Users/user/Desktop/jevah-app_backend/node_modules/pdfjs-dist/legacy/build/pdf.mjs to a dynamic import() which is available in all CommonJS modules.
    at Object.<anonymous> (/Users/user/Desktop/jevah-app_backend/node_modules/pdf-parse/dist/cjs/PDFParse.cjs:37:28)
    at Module._compile (/Users/user/Desktop/jevah-app_backend/node_modules/source-map-support/source-map-support.js:568:25)
    at require.extensions..jsx.require.extensions..js (/private/var/folders/l9/1wp23qsj3616_b0__4ljrx6m0000gn/T/ts-node-dev-hook-8657842112051886.js:114:20)
    at Object.nodeDevHook [as .js] (/Users/user/Desktop/jevah-app_backend/node_modules/ts-node-dev/lib/hook.js:63:13)
