2025-09-18 00:11:49 [ERROR]: uncaughtException: JWT_SECRET is not defined in environment variables
Error: JWT_SECRET is not defined in environment variables
    at Object.<anonymous> (/Users/user/Desktop/jevah-app_backend/src/service/auth.service.ts:18:9)
    at Module._compile (node:internal/modules/cjs/loader:1469:14)
    at Module._compile (/Users/user/Desktop/jevah-app_backend/node_modules/source-map-support/source-map-support.js:568:25)
    at Module.m._compile (/private/var/folders/l9/1wp23qsj3616_b0__4ljrx6m0000gn/T/ts-node-dev-hook-5698411139823976.js:69:33)
    at Module._extensions..js (node:internal/modules/cjs/loader:1548:10)
    at require.extensions..jsx.require.extensions..js (/private/var/folders/l9/1wp23qsj3616_b0__4ljrx6m0000gn/T/ts-node-dev-hook-5698411139823976.js:114:20)
    at require.extensions.<computed> (/private/var/folders/l9/1wp23qsj3616_b0__4ljrx6m0000gn/T/ts-node-dev-hook-5698411139823976.js:71:20)
    at Object.nodeDevHook [as .ts] (/Users/user/Desktop/jevah-app_backend/node_modules/ts-node-dev/lib/hook.js:63:13)
    at Module.load (node:internal/modules/cjs/loader:1288:32)
    at Function.Module._load (node:internal/modules/cjs/loader:1104:12) {"error":{},"exception":true,"date":"Thu Sep 18 2025 00:11:49 GMT+0100 (West Africa Standard Time)","process":{"pid":97625,"uid":501,"gid":20,"cwd":"/Users/user/Desktop/jevah-app_backend","execPath":"/Users/user/.nvm/versions/node/v20.18.1/bin/node","version":"v20.18.1","argv":["/Users/user/.nvm/versions/node/v20.18.1/bin/node","src/index.ts"],"memoryUsage":{"rss":100737024,"heapTotal":63549440,"heapUsed":41764520,"external":20952696,"arrayBuffers":18320147}},"os":{"loadavg":[96.4404296875,85.22802734375,76.95849609375],"uptime":538813},"trace":[{"column":9,"file":"/Users/user/Desktop/jevah-app_backend/src/service/auth.service.ts","function":null,"line":18,"method":null,"native":false},{"column":14,"file":"node:internal/modules/cjs/loader","function":"Module._compile","line":1469,"method":"_compile","native":false},{"column":25,"file":"/Users/user/Desktop/jevah-app_backend/node_modules/source-map-support/source-map-support.js","function":"Module._compile","line":568,"method":"_compile","native":false},{"column":33,"file":"/private/var/folders/l9/1wp23qsj3616_b0__4ljrx6m0000gn/T/ts-node-dev-hook-5698411139823976.js","function":"Module.m._compile","line":69,"method":"_compile","native":false},{"column":10,"file":"node:internal/modules/cjs/loader","function":"Module._extensions..js","line":1548,"method":".js","native":false},{"column":20,"file":"/private/var/folders/l9/1wp23qsj3616_b0__4ljrx6m0000gn/T/ts-node-dev-hook-5698411139823976.js","function":"require.extensions..jsx.require.extensions..js","line":114,"method":".js","native":false},{"column":20,"file":"/private/var/folders/l9/1wp23qsj3616_b0__4ljrx6m0000gn/T/ts-node-dev-hook-5698411139823976.js","function":"require.extensions.<computed>","line":71,"method":"<computed>","native":false},{"column":13,"file":"/Users/user/Desktop/jevah-app_backend/node_modules/ts-node-dev/lib/hook.js","function":"Object.nodeDevHook [as .ts]","line":63,"method":"ts]","native":false},{"column":32,"file":"node:internal/modules/cjs/loader","function":"Module.load","line":1288,"method":"load","native":false},{"column":12,"file":"node:internal/modules/cjs/loader","function":"Module._load","line":1104,"method":"_load","native":false}]}
Error: JWT_SECRET is not defined in environment variables
    at Object.<anonymous> (/Users/user/Desktop/jevah-app_backend/src/service/auth.service.ts:18:9)
    at Module._compile (node:internal/modules/cjs/loader:1469:14)
    at Module._compile (/Users/user/Desktop/jevah-app_backend/node_modules/source-map-support/source-map-support.js:568:25)
    at Module.m._compile (/private/var/folders/l9/1wp23qsj3616_b0__4ljrx6m0000gn/T/ts-node-dev-hook-5698411139823976.js:69:33)
    at Module._extensions..js (node:internal/modules/cjs/loader:1548:10)
    at require.extensions..jsx.require.extensions..js (/private/var/folders/l9/1wp23qsj3616_b0__4ljrx6m0000gn/T/ts-node-dev-hook-5698411139823976.js:114:20)
    at require.extensions.<computed> (/private/var/folders/l9/1wp23qsj3616_b0__4ljrx6m0000gn/T/ts-node-dev-hook-5698411139823976.js:71:20)
    at Object.nodeDevHook [as .ts] (/Users/user/Desktop/jevah-app_backend/node_modules/ts-node-dev/lib/hook.js:63:13)
    at Module.load (node:internal/modules/cjs/loader:1288:32)
    at Function.Module._load (node:internal/modules/cjs/loader:1104:12)
