2025-10-25 13:39:07 [ERROR]: uncaughtException: require() of ES Module /Users/user/Desktop/jevah-app_backend/node_modules/pdfjs-dist/legacy/build/pdf.mjs not supported.
Instead change the require of /Users/user/Desktop/jevah-app_backend/node_modules/pdfjs-dist/legacy/build/pdf.mjs to a dynamic import() which is available in all CommonJS modules.
Error [ERR_REQUIRE_ESM]: require() of ES Module /Users/user/Desktop/jevah-app_backend/node_modules/pdfjs-dist/legacy/build/pdf.mjs not supported.
Instead change the require of /Users/user/Desktop/jevah-app_backend/node_modules/pdfjs-dist/legacy/build/pdf.mjs to a dynamic import() which is available in all CommonJS modules.
    at Object.<anonymous> (/Users/user/Desktop/jevah-app_backend/node_modules/pdf-parse/dist/cjs/PDFParse.cjs:37:28) {"error":{"code":"ERR_REQUIRE_ESM"},"exception":true,"date":"Sat Oct 25 2025 13:39:07 GMT+0100 (West Africa Standard Time)","process":{"pid":97057,"uid":501,"gid":20,"cwd":"/Users/user/Desktop/jevah-app_backend","execPath":"/usr/local/bin/node","version":"v20.13.1","argv":["/usr/local/bin/node","/Users/user/Desktop/jevah-app_backend/dist/index.js"],"memoryUsage":{"rss":95232000,"heapTotal":61902848,"heapUsed":40173560,"external":21374010,"arrayBuffers":18320447}},"os":{"loadavg":[432.6787109375,311.78125,198.3994140625],"uptime":409263},"trace":[{"column":28,"file":"/Users/user/Desktop/jevah-app_backend/node_modules/pdf-parse/dist/cjs/PDFParse.cjs","function":null,"line":37,"method":null,"native":false}]}
Error [ERR_REQUIRE_ESM]: require() of ES Module /Users/user/Desktop/jevah-app_backend/node_modules/pdfjs-dist/legacy/build/pdf.mjs not supported.
Instead change the require of /Users/user/Desktop/jevah-app_backend/node_modules/pdfjs-dist/legacy/build/pdf.mjs to a dynamic import() which is available in all CommonJS modules.
    at Object.<anonymous> (/Users/user/Desktop/jevah-app_backend/node_modules/pdf-parse/dist/cjs/PDFParse.cjs:37:28)
2025-10-25 13:41:43 [ERROR]: uncaughtException: require() of ES Module /Users/user/Desktop/jevah-app_backend/node_modules/pdfjs-dist/legacy/build/pdf.mjs not supported.
Instead change the require of /Users/user/Desktop/jevah-app_backend/node_modules/pdfjs-dist/legacy/build/pdf.mjs to a dynamic import() which is available in all CommonJS modules.
Error [ERR_REQUIRE_ESM]: require() of ES Module /Users/user/Desktop/jevah-app_backend/node_modules/pdfjs-dist/legacy/build/pdf.mjs not supported.
Instead change the require of /Users/user/Desktop/jevah-app_backend/node_modules/pdfjs-dist/legacy/build/pdf.mjs to a dynamic import() which is available in all CommonJS modules.
    at Object.<anonymous> (/Users/user/Desktop/jevah-app_backend/node_modules/pdf-parse/dist/cjs/PDFParse.cjs:37:28)
    at Module._compile (/Users/user/Desktop/jevah-app_backend/node_modules/source-map-support/source-map-support.js:568:25)
    at require.extensions..jsx.require.extensions..js (/private/var/folders/l9/1wp23qsj3616_b0__4ljrx6m0000gn/T/ts-node-dev-hook-12172775543861492.js:114:20)
    at Object.nodeDevHook [as .js] (/Users/user/Desktop/jevah-app_backend/node_modules/ts-node-dev/lib/hook.js:63:13) {"error":{"code":"ERR_REQUIRE_ESM"},"exception":true,"date":"Sat Oct 25 2025 13:41:43 GMT+0100 (West Africa Standard Time)","process":{"pid":99311,"uid":501,"gid":20,"cwd":"/Users/user/Desktop/jevah-app_backend","execPath":"/usr/local/bin/node","version":"v20.13.1","argv":["/usr/local/bin/node","src/index.ts"],"memoryUsage":{"rss":115032064,"heapTotal":74293248,"heapUsed":50861720,"external":21547341,"arrayBuffers":18328815}},"os":{"loadavg":[127.083984375,224.75830078125,181.66552734375],"uptime":409419},"trace":[{"column":28,"file":"/Users/user/Desktop/jevah-app_backend/node_modules/pdf-parse/dist/cjs/PDFParse.cjs","function":null,"line":37,"method":null,"native":false},{"column":25,"file":"/Users/user/Desktop/jevah-app_backend/node_modules/source-map-support/source-map-support.js","function":"Module._compile","line":568,"method":"_compile","native":false},{"column":20,"file":"/private/var/folders/l9/1wp23qsj3616_b0__4ljrx6m0000gn/T/ts-node-dev-hook-12172775543861492.js","function":"require.extensions..jsx.require.extensions..js","line":114,"method":".js","native":false},{"column":13,"file":"/Users/user/Desktop/jevah-app_backend/node_modules/ts-node-dev/lib/hook.js","function":"Object.nodeDevHook [as .js]","line":63,"method":"js]","native":false}]}
Error [ERR_REQUIRE_ESM]: require() of ES Module /Users/user/Desktop/jevah-app_backend/node_modules/pdfjs-dist/legacy/build/pdf.mjs not supported.
Instead change the require of /Users/user/Desktop/jevah-app_backend/node_modules/pdfjs-dist/legacy/build/pdf.mjs to a dynamic import() which is available in all CommonJS modules.
    at Object.<anonymous> (/Users/user/Desktop/jevah-app_backend/node_modules/pdf-parse/dist/cjs/PDFParse.cjs:37:28)
    at Module._compile (/Users/user/Desktop/jevah-app_backend/node_modules/source-map-support/source-map-support.js:568:25)
    at require.extensions..jsx.require.extensions..js (/private/var/folders/l9/1wp23qsj3616_b0__4ljrx6m0000gn/T/ts-node-dev-hook-12172775543861492.js:114:20)
    at Object.nodeDevHook [as .js] (/Users/user/Desktop/jevah-app_backend/node_modules/ts-node-dev/lib/hook.js:63:13)
2025-10-25 14:50:04 [ERROR]: uncaughtException: require() of ES Module /Users/user/Desktop/jevah-app_backend/node_modules/pdfjs-dist/legacy/build/pdf.mjs not supported.
Instead change the require of /Users/user/Desktop/jevah-app_backend/node_modules/pdfjs-dist/legacy/build/pdf.mjs to a dynamic import() which is available in all CommonJS modules.
Error [ERR_REQUIRE_ESM]: require() of ES Module /Users/user/Desktop/jevah-app_backend/node_modules/pdfjs-dist/legacy/build/pdf.mjs not supported.
Instead change the require of /Users/user/Desktop/jevah-app_backend/node_modules/pdfjs-dist/legacy/build/pdf.mjs to a dynamic import() which is available in all CommonJS modules.
    at Object.<anonymous> (/Users/user/Desktop/jevah-app_backend/node_modules/pdf-parse/dist/cjs/PDFParse.cjs:37:28)
    at Module._compile (/Users/user/Desktop/jevah-app_backend/node_modules/source-map-support/source-map-support.js:568:25)
    at require.extensions..jsx.require.extensions..js (/private/var/folders/l9/1wp23qsj3616_b0__4ljrx6m0000gn/T/ts-node-dev-hook-5996955274983526.js:114:20)
    at Object.nodeDevHook [as .js] (/Users/user/Desktop/jevah-app_backend/node_modules/ts-node-dev/lib/hook.js:63:13) {"error":{"code":"ERR_REQUIRE_ESM"},"exception":true,"date":"Sat Oct 25 2025 14:50:04 GMT+0100 (West Africa Standard Time)","process":{"pid":62915,"uid":501,"gid":20,"cwd":"/Users/user/Desktop/jevah-app_backend","execPath":"/usr/local/bin/node","version":"v20.13.1","argv":["/usr/local/bin/node","src/index.ts"],"memoryUsage":{"rss":85585920,"heapTotal":54894592,"heapUsed":45082344,"external":21546212,"arrayBuffers":18328815}},"os":{"loadavg":[321.150390625,192.46435546875,105.50341796875],"uptime":413519},"trace":[{"column":28,"file":"/Users/user/Desktop/jevah-app_backend/node_modules/pdf-parse/dist/cjs/PDFParse.cjs","function":null,"line":37,"method":null,"native":false},{"column":25,"file":"/Users/user/Desktop/jevah-app_backend/node_modules/source-map-support/source-map-support.js","function":"Module._compile","line":568,"method":"_compile","native":false},{"column":20,"file":"/private/var/folders/l9/1wp23qsj3616_b0__4ljrx6m0000gn/T/ts-node-dev-hook-5996955274983526.js","function":"require.extensions..jsx.require.extensions..js","line":114,"method":".js","native":false},{"column":13,"file":"/Users/user/Desktop/jevah-app_backend/node_modules/ts-node-dev/lib/hook.js","function":"Object.nodeDevHook [as .js]","line":63,"method":"js]","native":false}]}
Error [ERR_REQUIRE_ESM]: require() of ES Module /Users/user/Desktop/jevah-app_backend/node_modules/pdfjs-dist/legacy/build/pdf.mjs not supported.
Instead change the require of /Users/user/Desktop/jevah-app_backend/node_modules/pdfjs-dist/legacy/build/pdf.mjs to a dynamic import() which is available in all CommonJS modules.
    at Object.<anonymous> (/Users/user/Desktop/jevah-app_backend/node_modules/pdf-parse/dist/cjs/PDFParse.cjs:37:28)
    at Module._compile (/Users/user/Desktop/jevah-app_backend/node_modules/source-map-support/source-map-support.js:568:25)
    at require.extensions..jsx.require.extensions..js (/private/var/folders/l9/1wp23qsj3616_b0__4ljrx6m0000gn/T/ts-node-dev-hook-5996955274983526.js:114:20)
    at Object.nodeDevHook [as .js] (/Users/user/Desktop/jevah-app_backend/node_modules/ts-node-dev/lib/hook.js:63:13)
2025-10-25 14:54:31 [ERROR]: uncaughtException: require() of ES Module /Users/user/Desktop/jevah-app_backend/node_modules/pdfjs-dist/legacy/build/pdf.mjs not supported.
Instead change the require of /Users/user/Desktop/jevah-app_backend/node_modules/pdfjs-dist/legacy/build/pdf.mjs to a dynamic import() which is available in all CommonJS modules.
Error [ERR_REQUIRE_ESM]: require() of ES Module /Users/user/Desktop/jevah-app_backend/node_modules/pdfjs-dist/legacy/build/pdf.mjs not supported.
Instead change the require of /Users/user/Desktop/jevah-app_backend/node_modules/pdfjs-dist/legacy/build/pdf.mjs to a dynamic import() which is available in all CommonJS modules.
    at Object.<anonymous> (/Users/user/Desktop/jevah-app_backend/node_modules/pdf-parse/dist/cjs/PDFParse.cjs:37:28)
    at Module._compile (/Users/user/Desktop/jevah-app_backend/node_modules/source-map-support/source-map-support.js:568:25)
    at require.extensions..jsx.require.extensions..js (/private/var/folders/l9/1wp23qsj3616_b0__4ljrx6m0000gn/T/ts-node-dev-hook-3960513141624189.js:114:20)
    at Object.nodeDevHook [as .js] (/Users/user/Desktop/jevah-app_backend/node_modules/ts-node-dev/lib/hook.js:63:13) {"error":{"code":"ERR_REQUIRE_ESM"},"exception":true,"date":"Sat Oct 25 2025 14:54:31 GMT+0100 (West Africa Standard Time)","process":{"pid":65067,"uid":501,"gid":20,"cwd":"/Users/user/Desktop/jevah-app_backend","execPath":"/usr/local/bin/node","version":"v20.13.1","argv":["/usr/local/bin/node","src/index.ts"],"memoryUsage":{"rss":64200704,"heapTotal":45981696,"heapUsed":39276448,"external":21545692,"arrayBuffers":18328815}},"os":{"loadavg":[444.61376953125,325.9453125,187.66845703125],"uptime":413786},"trace":[{"column":28,"file":"/Users/user/Desktop/jevah-app_backend/node_modules/pdf-parse/dist/cjs/PDFParse.cjs","function":null,"line":37,"method":null,"native":false},{"column":25,"file":"/Users/user/Desktop/jevah-app_backend/node_modules/source-map-support/source-map-support.js","function":"Module._compile","line":568,"method":"_compile","native":false},{"column":20,"file":"/private/var/folders/l9/1wp23qsj3616_b0__4ljrx6m0000gn/T/ts-node-dev-hook-3960513141624189.js","function":"require.extensions..jsx.require.extensions..js","line":114,"method":".js","native":false},{"column":13,"file":"/Users/user/Desktop/jevah-app_backend/node_modules/ts-node-dev/lib/hook.js","function":"Object.nodeDevHook [as .js]","line":63,"method":"js]","native":false}]}
Error [ERR_REQUIRE_ESM]: require() of ES Module /Users/user/Desktop/jevah-app_backend/node_modules/pdfjs-dist/legacy/build/pdf.mjs not supported.
Instead change the require of /Users/user/Desktop/jevah-app_backend/node_modules/pdfjs-dist/legacy/build/pdf.mjs to a dynamic import() which is available in all CommonJS modules.
    at Object.<anonymous> (/Users/user/Desktop/jevah-app_backend/node_modules/pdf-parse/dist/cjs/PDFParse.cjs:37:28)
    at Module._compile (/Users/user/Desktop/jevah-app_backend/node_modules/source-map-support/source-map-support.js:568:25)
    at require.extensions..jsx.require.extensions..js (/private/var/folders/l9/1wp23qsj3616_b0__4ljrx6m0000gn/T/ts-node-dev-hook-3960513141624189.js:114:20)
    at Object.nodeDevHook [as .js] (/Users/user/Desktop/jevah-app_backend/node_modules/ts-node-dev/lib/hook.js:63:13)
2025-10-25 17:29:54 [ERROR]: uncaughtException: require() of ES Module /Users/user/Desktop/jevah-app_backend/node_modules/pdfjs-dist/legacy/build/pdf.mjs not supported.
Instead change the require of /Users/user/Desktop/jevah-app_backend/node_modules/pdfjs-dist/legacy/build/pdf.mjs to a dynamic import() which is available in all CommonJS modules.
Error [ERR_REQUIRE_ESM]: require() of ES Module /Users/user/Desktop/jevah-app_backend/node_modules/pdfjs-dist/legacy/build/pdf.mjs not supported.
Instead change the require of /Users/user/Desktop/jevah-app_backend/node_modules/pdfjs-dist/legacy/build/pdf.mjs to a dynamic import() which is available in all CommonJS modules.
    at Object.<anonymous> (/Users/user/Desktop/jevah-app_backend/node_modules/pdf-parse/dist/cjs/PDFParse.cjs:37:28)
    at Module._compile (/Users/user/Desktop/jevah-app_backend/node_modules/source-map-support/source-map-support.js:568:25)
    at require.extensions..jsx.require.extensions..js (/private/var/folders/l9/1wp23qsj3616_b0__4ljrx6m0000gn/T/ts-node-dev-hook-3960513141624189.js:114:20)
    at Object.nodeDevHook [as .js] (/Users/user/Desktop/jevah-app_backend/node_modules/ts-node-dev/lib/hook.js:63:13) {"error":{"code":"ERR_REQUIRE_ESM"},"exception":true,"date":"Sat Oct 25 2025 17:29:54 GMT+0100 (West Africa Standard Time)","process":{"pid":18907,"uid":501,"gid":20,"cwd":"/Users/user/Desktop/jevah-app_backend","execPath":"/usr/local/bin/node","version":"v20.13.1","argv":["/usr/local/bin/node","src/index.ts"],"memoryUsage":{"rss":112644096,"heapTotal":70885376,"heapUsed":47397608,"external":21973333,"arrayBuffers":18754807}},"os":{"loadavg":[47.74951171875,33.96142578125,82.4111328125],"uptime":423104},"trace":[{"column":28,"file":"/Users/user/Desktop/jevah-app_backend/node_modules/pdf-parse/dist/cjs/PDFParse.cjs","function":null,"line":37,"method":null,"native":false},{"column":25,"file":"/Users/user/Desktop/jevah-app_backend/node_modules/source-map-support/source-map-support.js","function":"Module._compile","line":568,"method":"_compile","native":false},{"column":20,"file":"/private/var/folders/l9/1wp23qsj3616_b0__4ljrx6m0000gn/T/ts-node-dev-hook-3960513141624189.js","function":"require.extensions..jsx.require.extensions..js","line":114,"method":".js","native":false},{"column":13,"file":"/Users/user/Desktop/jevah-app_backend/node_modules/ts-node-dev/lib/hook.js","function":"Object.nodeDevHook [as .js]","line":63,"method":"js]","native":false}]}
Error [ERR_REQUIRE_ESM]: require() of ES Module /Users/user/Desktop/jevah-app_backend/node_modules/pdfjs-dist/legacy/build/pdf.mjs not supported.
Instead change the require of /Users/user/Desktop/jevah-app_backend/node_modules/pdfjs-dist/legacy/build/pdf.mjs to a dynamic import() which is available in all CommonJS modules.
    at Object.<anonymous> (/Users/user/Desktop/jevah-app_backend/node_modules/pdf-parse/dist/cjs/PDFParse.cjs:37:28)
    at Module._compile (/Users/user/Desktop/jevah-app_backend/node_modules/source-map-support/source-map-support.js:568:25)
    at require.extensions..jsx.require.extensions..js (/private/var/folders/l9/1wp23qsj3616_b0__4ljrx6m0000gn/T/ts-node-dev-hook-3960513141624189.js:114:20)
    at Object.nodeDevHook [as .js] (/Users/user/Desktop/jevah-app_backend/node_modules/ts-node-dev/lib/hook.js:63:13)
2025-10-25 17:30:30 [ERROR]: uncaughtException: require() of ES Module /Users/user/Desktop/jevah-app_backend/node_modules/pdfjs-dist/legacy/build/pdf.mjs not supported.
Instead change the require of /Users/user/Desktop/jevah-app_backend/node_modules/pdfjs-dist/legacy/build/pdf.mjs to a dynamic import() which is available in all CommonJS modules.
Error [ERR_REQUIRE_ESM]: require() of ES Module /Users/user/Desktop/jevah-app_backend/node_modules/pdfjs-dist/legacy/build/pdf.mjs not supported.
Instead change the require of /Users/user/Desktop/jevah-app_backend/node_modules/pdfjs-dist/legacy/build/pdf.mjs to a dynamic import() which is available in all CommonJS modules.
    at Object.<anonymous> (/Users/user/Desktop/jevah-app_backend/node_modules/pdf-parse/dist/cjs/PDFParse.cjs:37:28)
    at Module._compile (/Users/user/Desktop/jevah-app_backend/node_modules/source-map-support/source-map-support.js:568:25)
    at require.extensions..jsx.require.extensions..js (/private/var/folders/l9/1wp23qsj3616_b0__4ljrx6m0000gn/T/ts-node-dev-hook-3960513141624189.js:114:20)
    at Object.nodeDevHook [as .js] (/Users/user/Desktop/jevah-app_backend/node_modules/ts-node-dev/lib/hook.js:63:13) {"error":{"code":"ERR_REQUIRE_ESM"},"exception":true,"date":"Sat Oct 25 2025 17:30:30 GMT+0100 (West Africa Standard Time)","process":{"pid":19613,"uid":501,"gid":20,"cwd":"/Users/user/Desktop/jevah-app_backend","execPath":"/usr/local/bin/node","version":"v20.13.1","argv":["/usr/local/bin/node","src/index.ts"],"memoryUsage":{"rss":112537600,"heapTotal":77455360,"heapUsed":38092760,"external":21545692,"arrayBuffers":18328815}},"os":{"loadavg":[60.47216796875,38.28125,81.72802734375],"uptime":423140},"trace":[{"column":28,"file":"/Users/user/Desktop/jevah-app_backend/node_modules/pdf-parse/dist/cjs/PDFParse.cjs","function":null,"line":37,"method":null,"native":false},{"column":25,"file":"/Users/user/Desktop/jevah-app_backend/node_modules/source-map-support/source-map-support.js","function":"Module._compile","line":568,"method":"_compile","native":false},{"column":20,"file":"/private/var/folders/l9/1wp23qsj3616_b0__4ljrx6m0000gn/T/ts-node-dev-hook-3960513141624189.js","function":"require.extensions..jsx.require.extensions..js","line":114,"method":".js","native":false},{"column":13,"file":"/Users/user/Desktop/jevah-app_backend/node_modules/ts-node-dev/lib/hook.js","function":"Object.nodeDevHook [as .js]","line":63,"method":"js]","native":false}]}
Error [ERR_REQUIRE_ESM]: require() of ES Module /Users/user/Desktop/jevah-app_backend/node_modules/pdfjs-dist/legacy/build/pdf.mjs not supported.
Instead change the require of /Users/user/Desktop/jevah-app_backend/node_modules/pdfjs-dist/legacy/build/pdf.mjs to a dynamic import() which is available in all CommonJS modules.
    at Object.<anonymous> (/Users/user/Desktop/jevah-app_backend/node_modules/pdf-parse/dist/cjs/PDFParse.cjs:37:28)
    at Module._compile (/Users/user/Desktop/jevah-app_backend/node_modules/source-map-support/source-map-support.js:568:25)
    at require.extensions..jsx.require.extensions..js (/private/var/folders/l9/1wp23qsj3616_b0__4ljrx6m0000gn/T/ts-node-dev-hook-3960513141624189.js:114:20)
    at Object.nodeDevHook [as .js] (/Users/user/Desktop/jevah-app_backend/node_modules/ts-node-dev/lib/hook.js:63:13)
2025-10-25 17:30:44 [ERROR]: uncaughtException: require() of ES Module /Users/user/Desktop/jevah-app_backend/node_modules/pdfjs-dist/legacy/build/pdf.mjs not supported.
Instead change the require of /Users/user/Desktop/jevah-app_backend/node_modules/pdfjs-dist/legacy/build/pdf.mjs to a dynamic import() which is available in all CommonJS modules.
Error [ERR_REQUIRE_ESM]: require() of ES Module /Users/user/Desktop/jevah-app_backend/node_modules/pdfjs-dist/legacy/build/pdf.mjs not supported.
Instead change the require of /Users/user/Desktop/jevah-app_backend/node_modules/pdfjs-dist/legacy/build/pdf.mjs to a dynamic import() which is available in all CommonJS modules.
    at Object.<anonymous> (/Users/user/Desktop/jevah-app_backend/node_modules/pdf-parse/dist/cjs/PDFParse.cjs:37:28)
    at Module._compile (/Users/user/Desktop/jevah-app_backend/node_modules/source-map-support/source-map-support.js:568:25)
    at require.extensions..jsx.require.extensions..js (/private/var/folders/l9/1wp23qsj3616_b0__4ljrx6m0000gn/T/ts-node-dev-hook-3960513141624189.js:114:20)
    at Object.nodeDevHook [as .js] (/Users/user/Desktop/jevah-app_backend/node_modules/ts-node-dev/lib/hook.js:63:13) {"error":{"code":"ERR_REQUIRE_ESM"},"exception":true,"date":"Sat Oct 25 2025 17:30:44 GMT+0100 (West Africa Standard Time)","process":{"pid":19784,"uid":501,"gid":20,"cwd":"/Users/user/Desktop/jevah-app_backend","execPath":"/usr/local/bin/node","version":"v20.13.1","argv":["/usr/local/bin/node","src/index.ts"],"memoryUsage":{"rss":109486080,"heapTotal":69066752,"heapUsed":50874776,"external":21547414,"arrayBuffers":18328815}},"os":{"loadavg":[75.78955078125,42.2763671875,82.63671875],"uptime":423154},"trace":[{"column":28,"file":"/Users/user/Desktop/jevah-app_backend/node_modules/pdf-parse/dist/cjs/PDFParse.cjs","function":null,"line":37,"method":null,"native":false},{"column":25,"file":"/Users/user/Desktop/jevah-app_backend/node_modules/source-map-support/source-map-support.js","function":"Module._compile","line":568,"method":"_compile","native":false},{"column":20,"file":"/private/var/folders/l9/1wp23qsj3616_b0__4ljrx6m0000gn/T/ts-node-dev-hook-3960513141624189.js","function":"require.extensions..jsx.require.extensions..js","line":114,"method":".js","native":false},{"column":13,"file":"/Users/user/Desktop/jevah-app_backend/node_modules/ts-node-dev/lib/hook.js","function":"Object.nodeDevHook [as .js]","line":63,"method":"js]","native":false}]}
Error [ERR_REQUIRE_ESM]: require() of ES Module /Users/user/Desktop/jevah-app_backend/node_modules/pdfjs-dist/legacy/build/pdf.mjs not supported.
Instead change the require of /Users/user/Desktop/jevah-app_backend/node_modules/pdfjs-dist/legacy/build/pdf.mjs to a dynamic import() which is available in all CommonJS modules.
    at Object.<anonymous> (/Users/user/Desktop/jevah-app_backend/node_modules/pdf-parse/dist/cjs/PDFParse.cjs:37:28)
    at Module._compile (/Users/user/Desktop/jevah-app_backend/node_modules/source-map-support/source-map-support.js:568:25)
    at require.extensions..jsx.require.extensions..js (/private/var/folders/l9/1wp23qsj3616_b0__4ljrx6m0000gn/T/ts-node-dev-hook-3960513141624189.js:114:20)
    at Object.nodeDevHook [as .js] (/Users/user/Desktop/jevah-app_backend/node_modules/ts-node-dev/lib/hook.js:63:13)
2025-10-25 17:31:01 [ERROR]: uncaughtException: require() of ES Module /Users/user/Desktop/jevah-app_backend/node_modules/pdfjs-dist/legacy/build/pdf.mjs not supported.
Instead change the require of /Users/user/Desktop/jevah-app_backend/node_modules/pdfjs-dist/legacy/build/pdf.mjs to a dynamic import() which is available in all CommonJS modules.
Error [ERR_REQUIRE_ESM]: require() of ES Module /Users/user/Desktop/jevah-app_backend/node_modules/pdfjs-dist/legacy/build/pdf.mjs not supported.
Instead change the require of /Users/user/Desktop/jevah-app_backend/node_modules/pdfjs-dist/legacy/build/pdf.mjs to a dynamic import() which is available in all CommonJS modules.
    at Object.<anonymous> (/Users/user/Desktop/jevah-app_backend/node_modules/pdf-parse/dist/cjs/PDFParse.cjs:37:28)
    at Module._compile (/Users/user/Desktop/jevah-app_backend/node_modules/source-map-support/source-map-support.js:568:25)
    at require.extensions..jsx.require.extensions..js (/private/var/folders/l9/1wp23qsj3616_b0__4ljrx6m0000gn/T/ts-node-dev-hook-3960513141624189.js:114:20)
    at Object.nodeDevHook [as .js] (/Users/user/Desktop/jevah-app_backend/node_modules/ts-node-dev/lib/hook.js:63:13) {"error":{"code":"ERR_REQUIRE_ESM"},"exception":true,"date":"Sat Oct 25 2025 17:31:01 GMT+0100 (West Africa Standard Time)","process":{"pid":20240,"uid":501,"gid":20,"cwd":"/Users/user/Desktop/jevah-app_backend","execPath":"/usr/local/bin/node","version":"v20.13.1","argv":["/usr/local/bin/node","src/index.ts"],"memoryUsage":{"rss":103026688,"heapTotal":70119424,"heapUsed":48895264,"external":21545692,"arrayBuffers":18328815}},"os":{"loadavg":[82.341796875,45.8564453125,82.97802734375],"uptime":423171},"trace":[{"column":28,"file":"/Users/user/Desktop/jevah-app_backend/node_modules/pdf-parse/dist/cjs/PDFParse.cjs","function":null,"line":37,"method":null,"native":false},{"column":25,"file":"/Users/user/Desktop/jevah-app_backend/node_modules/source-map-support/source-map-support.js","function":"Module._compile","line":568,"method":"_compile","native":false},{"column":20,"file":"/private/var/folders/l9/1wp23qsj3616_b0__4ljrx6m0000gn/T/ts-node-dev-hook-3960513141624189.js","function":"require.extensions..jsx.require.extensions..js","line":114,"method":".js","native":false},{"column":13,"file":"/Users/user/Desktop/jevah-app_backend/node_modules/ts-node-dev/lib/hook.js","function":"Object.nodeDevHook [as .js]","line":63,"method":"js]","native":false}]}
Error [ERR_REQUIRE_ESM]: require() of ES Module /Users/user/Desktop/jevah-app_backend/node_modules/pdfjs-dist/legacy/build/pdf.mjs not supported.
Instead change the require of /Users/user/Desktop/jevah-app_backend/node_modules/pdfjs-dist/legacy/build/pdf.mjs to a dynamic import() which is available in all CommonJS modules.
    at Object.<anonymous> (/Users/user/Desktop/jevah-app_backend/node_modules/pdf-parse/dist/cjs/PDFParse.cjs:37:28)
    at Module._compile (/Users/user/Desktop/jevah-app_backend/node_modules/source-map-support/source-map-support.js:568:25)
    at require.extensions..jsx.require.extensions..js (/private/var/folders/l9/1wp23qsj3616_b0__4ljrx6m0000gn/T/ts-node-dev-hook-3960513141624189.js:114:20)
    at Object.nodeDevHook [as .js] (/Users/user/Desktop/jevah-app_backend/node_modules/ts-node-dev/lib/hook.js:63:13)
2025-10-25 17:32:37 [ERROR]: uncaughtException: require() of ES Module /Users/user/Desktop/jevah-app_backend/node_modules/pdfjs-dist/legacy/build/pdf.mjs not supported.
Instead change the require of /Users/user/Desktop/jevah-app_backend/node_modules/pdfjs-dist/legacy/build/pdf.mjs to a dynamic import() which is available in all CommonJS modules.
Error [ERR_REQUIRE_ESM]: require() of ES Module /Users/user/Desktop/jevah-app_backend/node_modules/pdfjs-dist/legacy/build/pdf.mjs not supported.
Instead change the require of /Users/user/Desktop/jevah-app_backend/node_modules/pdfjs-dist/legacy/build/pdf.mjs to a dynamic import() which is available in all CommonJS modules.
    at Object.<anonymous> (/Users/user/Desktop/jevah-app_backend/node_modules/pdf-parse/dist/cjs/PDFParse.cjs:37:28)
    at Module._compile (/Users/user/Desktop/jevah-app_backend/node_modules/source-map-support/source-map-support.js:568:25)
    at require.extensions..jsx.require.extensions..js (/private/var/folders/l9/1wp23qsj3616_b0__4ljrx6m0000gn/T/ts-node-dev-hook-3960513141624189.js:114:20)
    at Object.nodeDevHook [as .js] (/Users/user/Desktop/jevah-app_backend/node_modules/ts-node-dev/lib/hook.js:63:13) {"error":{"code":"ERR_REQUIRE_ESM"},"exception":true,"date":"Sat Oct 25 2025 17:32:37 GMT+0100 (West Africa Standard Time)","process":{"pid":21901,"uid":501,"gid":20,"cwd":"/Users/user/Desktop/jevah-app_backend","execPath":"/usr/local/bin/node","version":"v20.13.1","argv":["/usr/local/bin/node","src/index.ts"],"memoryUsage":{"rss":114802688,"heapTotal":77979648,"heapUsed":38796864,"external":21545692,"arrayBuffers":18328815}},"os":{"loadavg":[138.54541015625,68.9267578125,87.6142578125],"uptime":423267},"trace":[{"column":28,"file":"/Users/user/Desktop/jevah-app_backend/node_modules/pdf-parse/dist/cjs/PDFParse.cjs","function":null,"line":37,"method":null,"native":false},{"column":25,"file":"/Users/user/Desktop/jevah-app_backend/node_modules/source-map-support/source-map-support.js","function":"Module._compile","line":568,"method":"_compile","native":false},{"column":20,"file":"/private/var/folders/l9/1wp23qsj3616_b0__4ljrx6m0000gn/T/ts-node-dev-hook-3960513141624189.js","function":"require.extensions..jsx.require.extensions..js","line":114,"method":".js","native":false},{"column":13,"file":"/Users/user/Desktop/jevah-app_backend/node_modules/ts-node-dev/lib/hook.js","function":"Object.nodeDevHook [as .js]","line":63,"method":"js]","native":false}]}
Error [ERR_REQUIRE_ESM]: require() of ES Module /Users/user/Desktop/jevah-app_backend/node_modules/pdfjs-dist/legacy/build/pdf.mjs not supported.
Instead change the require of /Users/user/Desktop/jevah-app_backend/node_modules/pdfjs-dist/legacy/build/pdf.mjs to a dynamic import() which is available in all CommonJS modules.
    at Object.<anonymous> (/Users/user/Desktop/jevah-app_backend/node_modules/pdf-parse/dist/cjs/PDFParse.cjs:37:28)
    at Module._compile (/Users/user/Desktop/jevah-app_backend/node_modules/source-map-support/source-map-support.js:568:25)
    at require.extensions..jsx.require.extensions..js (/private/var/folders/l9/1wp23qsj3616_b0__4ljrx6m0000gn/T/ts-node-dev-hook-3960513141624189.js:114:20)
    at Object.nodeDevHook [as .js] (/Users/user/Desktop/jevah-app_backend/node_modules/ts-node-dev/lib/hook.js:63:13)
2025-10-25 17:57:12 [ERROR]: uncaughtException: require() of ES Module /Users/user/Desktop/jevah-app_backend/node_modules/pdfjs-dist/legacy/build/pdf.mjs not supported.
Instead change the require of /Users/user/Desktop/jevah-app_backend/node_modules/pdfjs-dist/legacy/build/pdf.mjs to a dynamic import() which is available in all CommonJS modules.
Error [ERR_REQUIRE_ESM]: require() of ES Module /Users/user/Desktop/jevah-app_backend/node_modules/pdfjs-dist/legacy/build/pdf.mjs not supported.
Instead change the require of /Users/user/Desktop/jevah-app_backend/node_modules/pdfjs-dist/legacy/build/pdf.mjs to a dynamic import() which is available in all CommonJS modules.
    at Object.<anonymous> (/Users/user/Desktop/jevah-app_backend/node_modules/pdf-parse/dist/cjs/PDFParse.cjs:37:28)
    at Module._compile (/Users/user/Desktop/jevah-app_backend/node_modules/source-map-support/source-map-support.js:568:25)
    at require.extensions..jsx.require.extensions..js (/private/var/folders/l9/1wp23qsj3616_b0__4ljrx6m0000gn/T/ts-node-dev-hook-3960513141624189.js:114:20)
    at Object.nodeDevHook [as .js] (/Users/user/Desktop/jevah-app_backend/node_modules/ts-node-dev/lib/hook.js:63:13) {"error":{"code":"ERR_REQUIRE_ESM"},"exception":true,"date":"Sat Oct 25 2025 17:57:12 GMT+0100 (West Africa Standard Time)","process":{"pid":47235,"uid":501,"gid":20,"cwd":"/Users/user/Desktop/jevah-app_backend","execPath":"/usr/local/bin/node","version":"v20.13.1","argv":["/usr/local/bin/node","src/index.ts"],"memoryUsage":{"rss":115781632,"heapTotal":79028224,"heapUsed":37455008,"external":21545692,"arrayBuffers":18328815}},"os":{"loadavg":[22.82373046875,14.45654296875,33.20361328125],"uptime":424742},"trace":[{"column":28,"file":"/Users/user/Desktop/jevah-app_backend/node_modules/pdf-parse/dist/cjs/PDFParse.cjs","function":null,"line":37,"method":null,"native":false},{"column":25,"file":"/Users/user/Desktop/jevah-app_backend/node_modules/source-map-support/source-map-support.js","function":"Module._compile","line":568,"method":"_compile","native":false},{"column":20,"file":"/private/var/folders/l9/1wp23qsj3616_b0__4ljrx6m0000gn/T/ts-node-dev-hook-3960513141624189.js","function":"require.extensions..jsx.require.extensions..js","line":114,"method":".js","native":false},{"column":13,"file":"/Users/user/Desktop/jevah-app_backend/node_modules/ts-node-dev/lib/hook.js","function":"Object.nodeDevHook [as .js]","line":63,"method":"js]","native":false}]}
Error [ERR_REQUIRE_ESM]: require() of ES Module /Users/user/Desktop/jevah-app_backend/node_modules/pdfjs-dist/legacy/build/pdf.mjs not supported.
Instead change the require of /Users/user/Desktop/jevah-app_backend/node_modules/pdfjs-dist/legacy/build/pdf.mjs to a dynamic import() which is available in all CommonJS modules.
    at Object.<anonymous> (/Users/user/Desktop/jevah-app_backend/node_modules/pdf-parse/dist/cjs/PDFParse.cjs:37:28)
    at Module._compile (/Users/user/Desktop/jevah-app_backend/node_modules/source-map-support/source-map-support.js:568:25)
    at require.extensions..jsx.require.extensions..js (/private/var/folders/l9/1wp23qsj3616_b0__4ljrx6m0000gn/T/ts-node-dev-hook-3960513141624189.js:114:20)
    at Object.nodeDevHook [as .js] (/Users/user/Desktop/jevah-app_backend/node_modules/ts-node-dev/lib/hook.js:63:13)
