2025-10-28 06:21:37 [ERROR]: uncaughtException: require() of ES Module /Users/user/Desktop/jevah-app_backend/node_modules/pdfjs-dist/legacy/build/pdf.mjs not supported.
Instead change the require of /Users/user/Desktop/jevah-app_backend/node_modules/pdfjs-dist/legacy/build/pdf.mjs to a dynamic import() which is available in all CommonJS modules.
Error [ERR_REQUIRE_ESM]: require() of ES Module /Users/user/Desktop/jevah-app_backend/node_modules/pdfjs-dist/legacy/build/pdf.mjs not supported.
Instead change the require of /Users/user/Desktop/jevah-app_backend/node_modules/pdfjs-dist/legacy/build/pdf.mjs to a dynamic import() which is available in all CommonJS modules.
    at Object.<anonymous> (/Users/user/Desktop/jevah-app_backend/node_modules/pdf-parse/dist/cjs/PDFParse.cjs:37:28)
    at Module._compile (/Users/user/Desktop/jevah-app_backend/node_modules/source-map-support/source-map-support.js:568:25)
    at require.extensions..jsx.require.extensions..js (/private/var/folders/l9/1wp23qsj3616_b0__4ljrx6m0000gn/T/ts-node-dev-hook-3844276347359368.js:114:20)
    at Object.nodeDevHook [as .js] (/Users/user/Desktop/jevah-app_backend/node_modules/ts-node-dev/lib/hook.js:63:13) {"error":{"code":"ERR_REQUIRE_ESM"},"exception":true,"date":"Tue Oct 28 2025 06:21:37 GMT+0100 (West Africa Standard Time)","process":{"pid":84772,"uid":501,"gid":20,"cwd":"/Users/user/Desktop/jevah-app_backend","execPath":"/Users/user/.nvm/versions/node/v20.18.1/bin/node","version":"v20.18.1","argv":["/Users/user/.nvm/versions/node/v20.18.1/bin/node","src/index.ts"],"memoryUsage":{"rss":115400704,"heapTotal":73805824,"heapUsed":41489072,"external":21588059,"arrayBuffers":18322008}},"os":{"loadavg":[12.68701171875,12.07275390625,18.16748046875],"uptime":642196},"trace":[{"column":28,"file":"/Users/user/Desktop/jevah-app_backend/node_modules/pdf-parse/dist/cjs/PDFParse.cjs","function":null,"line":37,"method":null,"native":false},{"column":25,"file":"/Users/user/Desktop/jevah-app_backend/node_modules/source-map-support/source-map-support.js","function":"Module._compile","line":568,"method":"_compile","native":false},{"column":20,"file":"/private/var/folders/l9/1wp23qsj3616_b0__4ljrx6m0000gn/T/ts-node-dev-hook-3844276347359368.js","function":"require.extensions..jsx.require.extensions..js","line":114,"method":".js","native":false},{"column":13,"file":"/Users/user/Desktop/jevah-app_backend/node_modules/ts-node-dev/lib/hook.js","function":"Object.nodeDevHook [as .js]","line":63,"method":"js]","native":false}]}
Error [ERR_REQUIRE_ESM]: require() of ES Module /Users/user/Desktop/jevah-app_backend/node_modules/pdfjs-dist/legacy/build/pdf.mjs not supported.
Instead change the require of /Users/user/Desktop/jevah-app_backend/node_modules/pdfjs-dist/legacy/build/pdf.mjs to a dynamic import() which is available in all CommonJS modules.
    at Object.<anonymous> (/Users/user/Desktop/jevah-app_backend/node_modules/pdf-parse/dist/cjs/PDFParse.cjs:37:28)
    at Module._compile (/Users/user/Desktop/jevah-app_backend/node_modules/source-map-support/source-map-support.js:568:25)
    at require.extensions..jsx.require.extensions..js (/private/var/folders/l9/1wp23qsj3616_b0__4ljrx6m0000gn/T/ts-node-dev-hook-3844276347359368.js:114:20)
    at Object.nodeDevHook [as .js] (/Users/user/Desktop/jevah-app_backend/node_modules/ts-node-dev/lib/hook.js:63:13)
2025-10-28 06:23:44 [ERROR]: uncaughtException: require() of ES Module /Users/user/Desktop/jevah-app_backend/node_modules/pdfjs-dist/legacy/build/pdf.mjs not supported.
Instead change the require of /Users/user/Desktop/jevah-app_backend/node_modules/pdfjs-dist/legacy/build/pdf.mjs to a dynamic import() which is available in all CommonJS modules.
Error [ERR_REQUIRE_ESM]: require() of ES Module /Users/user/Desktop/jevah-app_backend/node_modules/pdfjs-dist/legacy/build/pdf.mjs not supported.
Instead change the require of /Users/user/Desktop/jevah-app_backend/node_modules/pdfjs-dist/legacy/build/pdf.mjs to a dynamic import() which is available in all CommonJS modules.
    at Object.<anonymous> (/Users/user/Desktop/jevah-app_backend/node_modules/pdf-parse/dist/cjs/PDFParse.cjs:37:28)
    at Module._compile (/Users/user/Desktop/jevah-app_backend/node_modules/source-map-support/source-map-support.js:568:25)
    at require.extensions..jsx.require.extensions..js (/private/var/folders/l9/1wp23qsj3616_b0__4ljrx6m0000gn/T/ts-node-dev-hook-3844276347359368.js:114:20)
    at Object.nodeDevHook [as .js] (/Users/user/Desktop/jevah-app_backend/node_modules/ts-node-dev/lib/hook.js:63:13) {"error":{"code":"ERR_REQUIRE_ESM"},"exception":true,"date":"Tue Oct 28 2025 06:23:44 GMT+0100 (West Africa Standard Time)","process":{"pid":87084,"uid":501,"gid":20,"cwd":"/Users/user/Desktop/jevah-app_backend","execPath":"/Users/user/.nvm/versions/node/v20.18.1/bin/node","version":"v20.18.1","argv":["/Users/user/.nvm/versions/node/v20.18.1/bin/node","src/index.ts"],"memoryUsage":{"rss":108957696,"heapTotal":75902976,"heapUsed":40866536,"external":21588059,"arrayBuffers":18322008}},"os":{"loadavg":[30.4658203125,16.0341796875,18.72265625],"uptime":642323},"trace":[{"column":28,"file":"/Users/user/Desktop/jevah-app_backend/node_modules/pdf-parse/dist/cjs/PDFParse.cjs","function":null,"line":37,"method":null,"native":false},{"column":25,"file":"/Users/user/Desktop/jevah-app_backend/node_modules/source-map-support/source-map-support.js","function":"Module._compile","line":568,"method":"_compile","native":false},{"column":20,"file":"/private/var/folders/l9/1wp23qsj3616_b0__4ljrx6m0000gn/T/ts-node-dev-hook-3844276347359368.js","function":"require.extensions..jsx.require.extensions..js","line":114,"method":".js","native":false},{"column":13,"file":"/Users/user/Desktop/jevah-app_backend/node_modules/ts-node-dev/lib/hook.js","function":"Object.nodeDevHook [as .js]","line":63,"method":"js]","native":false}]}
Error [ERR_REQUIRE_ESM]: require() of ES Module /Users/user/Desktop/jevah-app_backend/node_modules/pdfjs-dist/legacy/build/pdf.mjs not supported.
Instead change the require of /Users/user/Desktop/jevah-app_backend/node_modules/pdfjs-dist/legacy/build/pdf.mjs to a dynamic import() which is available in all CommonJS modules.
    at Object.<anonymous> (/Users/user/Desktop/jevah-app_backend/node_modules/pdf-parse/dist/cjs/PDFParse.cjs:37:28)
    at Module._compile (/Users/user/Desktop/jevah-app_backend/node_modules/source-map-support/source-map-support.js:568:25)
    at require.extensions..jsx.require.extensions..js (/private/var/folders/l9/1wp23qsj3616_b0__4ljrx6m0000gn/T/ts-node-dev-hook-3844276347359368.js:114:20)
    at Object.nodeDevHook [as .js] (/Users/user/Desktop/jevah-app_backend/node_modules/ts-node-dev/lib/hook.js:63:13)
2025-10-28 06:24:03 [ERROR]: uncaughtException: require() of ES Module /Users/user/Desktop/jevah-app_backend/node_modules/pdfjs-dist/legacy/build/pdf.mjs not supported.
Instead change the require of /Users/user/Desktop/jevah-app_backend/node_modules/pdfjs-dist/legacy/build/pdf.mjs to a dynamic import() which is available in all CommonJS modules.
Error [ERR_REQUIRE_ESM]: require() of ES Module /Users/user/Desktop/jevah-app_backend/node_modules/pdfjs-dist/legacy/build/pdf.mjs not supported.
Instead change the require of /Users/user/Desktop/jevah-app_backend/node_modules/pdfjs-dist/legacy/build/pdf.mjs to a dynamic import() which is available in all CommonJS modules.
    at Object.<anonymous> (/Users/user/Desktop/jevah-app_backend/node_modules/pdf-parse/dist/cjs/PDFParse.cjs:37:28)
    at Module._compile (/Users/user/Desktop/jevah-app_backend/node_modules/source-map-support/source-map-support.js:568:25)
    at require.extensions..jsx.require.extensions..js (/private/var/folders/l9/1wp23qsj3616_b0__4ljrx6m0000gn/T/ts-node-dev-hook-3844276347359368.js:114:20)
    at Object.nodeDevHook [as .js] (/Users/user/Desktop/jevah-app_backend/node_modules/ts-node-dev/lib/hook.js:63:13) {"error":{"code":"ERR_REQUIRE_ESM"},"exception":true,"date":"Tue Oct 28 2025 06:24:03 GMT+0100 (West Africa Standard Time)","process":{"pid":87468,"uid":501,"gid":20,"cwd":"/Users/user/Desktop/jevah-app_backend","execPath":"/Users/user/.nvm/versions/node/v20.18.1/bin/node","version":"v20.18.1","argv":["/Users/user/.nvm/versions/node/v20.18.1/bin/node","src/index.ts"],"memoryUsage":{"rss":112627712,"heapTotal":71708672,"heapUsed":45662144,"external":21589708,"arrayBuffers":18322008}},"os":{"loadavg":[27.12548828125,16.14306640625,18.6953125],"uptime":642342},"trace":[{"column":28,"file":"/Users/user/Desktop/jevah-app_backend/node_modules/pdf-parse/dist/cjs/PDFParse.cjs","function":null,"line":37,"method":null,"native":false},{"column":25,"file":"/Users/user/Desktop/jevah-app_backend/node_modules/source-map-support/source-map-support.js","function":"Module._compile","line":568,"method":"_compile","native":false},{"column":20,"file":"/private/var/folders/l9/1wp23qsj3616_b0__4ljrx6m0000gn/T/ts-node-dev-hook-3844276347359368.js","function":"require.extensions..jsx.require.extensions..js","line":114,"method":".js","native":false},{"column":13,"file":"/Users/user/Desktop/jevah-app_backend/node_modules/ts-node-dev/lib/hook.js","function":"Object.nodeDevHook [as .js]","line":63,"method":"js]","native":false}]}
Error [ERR_REQUIRE_ESM]: require() of ES Module /Users/user/Desktop/jevah-app_backend/node_modules/pdfjs-dist/legacy/build/pdf.mjs not supported.
Instead change the require of /Users/user/Desktop/jevah-app_backend/node_modules/pdfjs-dist/legacy/build/pdf.mjs to a dynamic import() which is available in all CommonJS modules.
    at Object.<anonymous> (/Users/user/Desktop/jevah-app_backend/node_modules/pdf-parse/dist/cjs/PDFParse.cjs:37:28)
    at Module._compile (/Users/user/Desktop/jevah-app_backend/node_modules/source-map-support/source-map-support.js:568:25)
    at require.extensions..jsx.require.extensions..js (/private/var/folders/l9/1wp23qsj3616_b0__4ljrx6m0000gn/T/ts-node-dev-hook-3844276347359368.js:114:20)
    at Object.nodeDevHook [as .js] (/Users/user/Desktop/jevah-app_backend/node_modules/ts-node-dev/lib/hook.js:63:13)
2025-10-28 06:27:58 [ERROR]: uncaughtException: require() of ES Module /Users/user/Desktop/jevah-app_backend/node_modules/pdfjs-dist/legacy/build/pdf.mjs not supported.
Instead change the require of /Users/user/Desktop/jevah-app_backend/node_modules/pdfjs-dist/legacy/build/pdf.mjs to a dynamic import() which is available in all CommonJS modules.
Error [ERR_REQUIRE_ESM]: require() of ES Module /Users/user/Desktop/jevah-app_backend/node_modules/pdfjs-dist/legacy/build/pdf.mjs not supported.
Instead change the require of /Users/user/Desktop/jevah-app_backend/node_modules/pdfjs-dist/legacy/build/pdf.mjs to a dynamic import() which is available in all CommonJS modules.
    at Object.<anonymous> (/Users/user/Desktop/jevah-app_backend/node_modules/pdf-parse/dist/cjs/PDFParse.cjs:37:28)
    at Module._compile (/Users/user/Desktop/jevah-app_backend/node_modules/source-map-support/source-map-support.js:568:25)
    at require.extensions..jsx.require.extensions..js (/private/var/folders/l9/1wp23qsj3616_b0__4ljrx6m0000gn/T/ts-node-dev-hook-3844276347359368.js:114:20)
    at Object.nodeDevHook [as .js] (/Users/user/Desktop/jevah-app_backend/node_modules/ts-node-dev/lib/hook.js:63:13) {"error":{"code":"ERR_REQUIRE_ESM"},"exception":true,"date":"Tue Oct 28 2025 06:27:58 GMT+0100 (West Africa Standard Time)","process":{"pid":91707,"uid":501,"gid":20,"cwd":"/Users/user/Desktop/jevah-app_backend","execPath":"/Users/user/.nvm/versions/node/v20.18.1/bin/node","version":"v20.18.1","argv":["/Users/user/.nvm/versions/node/v20.18.1/bin/node","src/index.ts"],"memoryUsage":{"rss":112881664,"heapTotal":72425472,"heapUsed":46179832,"external":21589708,"arrayBuffers":18322008}},"os":{"loadavg":[32.17626953125,20.40087890625,19.94775390625],"uptime":642577},"trace":[{"column":28,"file":"/Users/user/Desktop/jevah-app_backend/node_modules/pdf-parse/dist/cjs/PDFParse.cjs","function":null,"line":37,"method":null,"native":false},{"column":25,"file":"/Users/user/Desktop/jevah-app_backend/node_modules/source-map-support/source-map-support.js","function":"Module._compile","line":568,"method":"_compile","native":false},{"column":20,"file":"/private/var/folders/l9/1wp23qsj3616_b0__4ljrx6m0000gn/T/ts-node-dev-hook-3844276347359368.js","function":"require.extensions..jsx.require.extensions..js","line":114,"method":".js","native":false},{"column":13,"file":"/Users/user/Desktop/jevah-app_backend/node_modules/ts-node-dev/lib/hook.js","function":"Object.nodeDevHook [as .js]","line":63,"method":"js]","native":false}]}
Error [ERR_REQUIRE_ESM]: require() of ES Module /Users/user/Desktop/jevah-app_backend/node_modules/pdfjs-dist/legacy/build/pdf.mjs not supported.
Instead change the require of /Users/user/Desktop/jevah-app_backend/node_modules/pdfjs-dist/legacy/build/pdf.mjs to a dynamic import() which is available in all CommonJS modules.
    at Object.<anonymous> (/Users/user/Desktop/jevah-app_backend/node_modules/pdf-parse/dist/cjs/PDFParse.cjs:37:28)
    at Module._compile (/Users/user/Desktop/jevah-app_backend/node_modules/source-map-support/source-map-support.js:568:25)
    at require.extensions..jsx.require.extensions..js (/private/var/folders/l9/1wp23qsj3616_b0__4ljrx6m0000gn/T/ts-node-dev-hook-3844276347359368.js:114:20)
    at Object.nodeDevHook [as .js] (/Users/user/Desktop/jevah-app_backend/node_modules/ts-node-dev/lib/hook.js:63:13)
